Created by PLY version 3.11 (http://www.dabeaz.com/ply)

Unused terminals:

    COMMENTBLOCK
    ELSE
    FUNCTION
    IF
    INTERFACE
    LET
    NUMBER
    STRING

Grammar

Rule 0     S' -> init
Rule 1     init -> instrucciones
Rule 2     instrucciones -> instrucciones instruccion
Rule 3     instrucciones -> instruccion
Rule 4     instruccion -> imprimir_instr
Rule 5     imprimir_instr -> CONSOLE PUNTO LOG PARIZQ lista_exp PARDER PUNTOCOMA
Rule 6     lista_exp -> lista_exp COMA op_Ternario
Rule 7     lista_exp -> op_Ternario
Rule 8     op_Ternario -> exp_Or INTERROGACION exp_Or DOSPUNTOS exp_Or
Rule 9     op_Ternario -> exp_Or
Rule 10    exp_Or -> exp_Or OR exp_And
Rule 11    exp_Or -> exp_And
Rule 12    exp_And -> exp_And AND exp_Not
Rule 13    exp_And -> exp_Not
Rule 14    exp_Not -> lNot exp_Comp
Rule 15    exp_Not -> exp_Comp
Rule 16    lNot -> lNot NOT
Rule 17    lNot -> NOT
Rule 18    exp_Comp -> exp_Sum_Menos EQUIVALENTE exp_Sum_Menos
Rule 19    exp_Comp -> exp_Sum_Menos DISTINTO exp_Sum_Menos
Rule 20    exp_Comp -> exp_rel
Rule 21    exp_rel -> exp_Sum_Menos MAYOR exp_Sum_Menos
Rule 22    exp_rel -> exp_Sum_Menos MENOR exp_Sum_Menos
Rule 23    exp_rel -> exp_Sum_Menos MAYORIGUAL exp_Sum_Menos
Rule 24    exp_rel -> exp_Sum_Menos MENORIGUAL exp_Sum_Menos
Rule 25    exp_rel -> exp_Sum_Menos
Rule 26    exp_Sum_Menos -> exp_Sum_Menos MAS exp_Mul_Div
Rule 27    exp_Sum_Menos -> exp_Sum_Menos MENOS exp_Mul_Div
Rule 28    exp_Sum_Menos -> exp_Mul_Div
Rule 29    exp_Mul_Div -> exp_Mul_Div POR exp_Parentesis
Rule 30    exp_Mul_Div -> exp_Mul_Div DIVIDIDO exp_Parentesis
Rule 31    exp_Mul_Div -> exp_Mul_Div MODULO exp_Parentesis
Rule 32    exp_Mul_Div -> exp_Parentesis
Rule 33    exp_Parentesis -> PARIZQ exp_Or PARDER
Rule 34    exp_Parentesis -> exp_Negativo
Rule 35    exp_Negativo -> MENOS valor
Rule 36    exp_Negativo -> valor
Rule 37    valor -> ENTERO
Rule 38    valor -> CADENA
Rule 39    valor -> DECIMAL
Rule 40    valor -> CARACTER
Rule 41    valor -> TRUE
Rule 42    valor -> FALSE

Terminals, with rules where they appear

AND                  : 12
CADENA               : 38
CARACTER             : 40
COMA                 : 6
COMMENTBLOCK         : 
CONSOLE              : 5
DECIMAL              : 39
DISTINTO             : 19
DIVIDIDO             : 30
DOSPUNTOS            : 8
ELSE                 : 
ENTERO               : 37
EQUIVALENTE          : 18
FALSE                : 42
FUNCTION             : 
IF                   : 
INTERFACE            : 
INTERROGACION        : 8
LET                  : 
LOG                  : 5
MAS                  : 26
MAYOR                : 21
MAYORIGUAL           : 23
MENOR                : 22
MENORIGUAL           : 24
MENOS                : 27 35
MODULO               : 31
NOT                  : 16 17
NUMBER               : 
OR                   : 10
PARDER               : 5 33
PARIZQ               : 5 33
POR                  : 29
PUNTO                : 5
PUNTOCOMA            : 5
STRING               : 
TRUE                 : 41
error                : 

Nonterminals, with rules where they appear

exp_And              : 10 11 12
exp_Comp             : 14 15
exp_Mul_Div          : 26 27 28 29 30 31
exp_Negativo         : 34
exp_Not              : 12 13
exp_Or               : 8 8 8 9 10 33
exp_Parentesis       : 29 30 31 32
exp_Sum_Menos        : 18 18 19 19 21 21 22 22 23 23 24 24 25 26 27
exp_rel              : 20
imprimir_instr       : 4
init                 : 0
instruccion          : 2 3
instrucciones        : 1 2
lNot                 : 14 16
lista_exp            : 5 6
op_Ternario          : 6 7
valor                : 35 36

Parsing method: LALR

state 0

    (0) S' -> . init
    (1) init -> . instrucciones
    (2) instrucciones -> . instrucciones instruccion
    (3) instrucciones -> . instruccion
    (4) instruccion -> . imprimir_instr
    (5) imprimir_instr -> . CONSOLE PUNTO LOG PARIZQ lista_exp PARDER PUNTOCOMA

    CONSOLE         shift and go to state 5

    init                           shift and go to state 1
    instrucciones                  shift and go to state 2
    instruccion                    shift and go to state 3
    imprimir_instr                 shift and go to state 4

state 1

    (0) S' -> init .



state 2

    (1) init -> instrucciones .
    (2) instrucciones -> instrucciones . instruccion
    (4) instruccion -> . imprimir_instr
    (5) imprimir_instr -> . CONSOLE PUNTO LOG PARIZQ lista_exp PARDER PUNTOCOMA

    $end            reduce using rule 1 (init -> instrucciones .)
    CONSOLE         shift and go to state 5

    instruccion                    shift and go to state 6
    imprimir_instr                 shift and go to state 4

state 3

    (3) instrucciones -> instruccion .

    CONSOLE         reduce using rule 3 (instrucciones -> instruccion .)
    $end            reduce using rule 3 (instrucciones -> instruccion .)


state 4

    (4) instruccion -> imprimir_instr .

    CONSOLE         reduce using rule 4 (instruccion -> imprimir_instr .)
    $end            reduce using rule 4 (instruccion -> imprimir_instr .)


state 5

    (5) imprimir_instr -> CONSOLE . PUNTO LOG PARIZQ lista_exp PARDER PUNTOCOMA

    PUNTO           shift and go to state 7


state 6

    (2) instrucciones -> instrucciones instruccion .

    CONSOLE         reduce using rule 2 (instrucciones -> instrucciones instruccion .)
    $end            reduce using rule 2 (instrucciones -> instrucciones instruccion .)


state 7

    (5) imprimir_instr -> CONSOLE PUNTO . LOG PARIZQ lista_exp PARDER PUNTOCOMA

    LOG             shift and go to state 8


state 8

    (5) imprimir_instr -> CONSOLE PUNTO LOG . PARIZQ lista_exp PARDER PUNTOCOMA

    PARIZQ          shift and go to state 9


state 9

    (5) imprimir_instr -> CONSOLE PUNTO LOG PARIZQ . lista_exp PARDER PUNTOCOMA
    (6) lista_exp -> . lista_exp COMA op_Ternario
    (7) lista_exp -> . op_Ternario
    (8) op_Ternario -> . exp_Or INTERROGACION exp_Or DOSPUNTOS exp_Or
    (9) op_Ternario -> . exp_Or
    (10) exp_Or -> . exp_Or OR exp_And
    (11) exp_Or -> . exp_And
    (12) exp_And -> . exp_And AND exp_Not
    (13) exp_And -> . exp_Not
    (14) exp_Not -> . lNot exp_Comp
    (15) exp_Not -> . exp_Comp
    (16) lNot -> . lNot NOT
    (17) lNot -> . NOT
    (18) exp_Comp -> . exp_Sum_Menos EQUIVALENTE exp_Sum_Menos
    (19) exp_Comp -> . exp_Sum_Menos DISTINTO exp_Sum_Menos
    (20) exp_Comp -> . exp_rel
    (26) exp_Sum_Menos -> . exp_Sum_Menos MAS exp_Mul_Div
    (27) exp_Sum_Menos -> . exp_Sum_Menos MENOS exp_Mul_Div
    (28) exp_Sum_Menos -> . exp_Mul_Div
    (21) exp_rel -> . exp_Sum_Menos MAYOR exp_Sum_Menos
    (22) exp_rel -> . exp_Sum_Menos MENOR exp_Sum_Menos
    (23) exp_rel -> . exp_Sum_Menos MAYORIGUAL exp_Sum_Menos
    (24) exp_rel -> . exp_Sum_Menos MENORIGUAL exp_Sum_Menos
    (25) exp_rel -> . exp_Sum_Menos
    (29) exp_Mul_Div -> . exp_Mul_Div POR exp_Parentesis
    (30) exp_Mul_Div -> . exp_Mul_Div DIVIDIDO exp_Parentesis
    (31) exp_Mul_Div -> . exp_Mul_Div MODULO exp_Parentesis
    (32) exp_Mul_Div -> . exp_Parentesis
    (33) exp_Parentesis -> . PARIZQ exp_Or PARDER
    (34) exp_Parentesis -> . exp_Negativo
    (35) exp_Negativo -> . MENOS valor
    (36) exp_Negativo -> . valor
    (37) valor -> . ENTERO
    (38) valor -> . CADENA
    (39) valor -> . DECIMAL
    (40) valor -> . CARACTER
    (41) valor -> . TRUE
    (42) valor -> . FALSE

    NOT             shift and go to state 18
    PARIZQ          shift and go to state 10
    MENOS           shift and go to state 22
    ENTERO          shift and go to state 26
    CADENA          shift and go to state 27
    DECIMAL         shift and go to state 28
    CARACTER        shift and go to state 29
    TRUE            shift and go to state 30
    FALSE           shift and go to state 31

    lista_exp                      shift and go to state 11
    op_Ternario                    shift and go to state 12
    exp_Or                         shift and go to state 13
    exp_And                        shift and go to state 14
    exp_Not                        shift and go to state 15
    lNot                           shift and go to state 16
    exp_Comp                       shift and go to state 17
    exp_Sum_Menos                  shift and go to state 19
    exp_rel                        shift and go to state 20
    exp_Mul_Div                    shift and go to state 21
    exp_Parentesis                 shift and go to state 23
    exp_Negativo                   shift and go to state 24
    valor                          shift and go to state 25

state 10

    (33) exp_Parentesis -> PARIZQ . exp_Or PARDER
    (10) exp_Or -> . exp_Or OR exp_And
    (11) exp_Or -> . exp_And
    (12) exp_And -> . exp_And AND exp_Not
    (13) exp_And -> . exp_Not
    (14) exp_Not -> . lNot exp_Comp
    (15) exp_Not -> . exp_Comp
    (16) lNot -> . lNot NOT
    (17) lNot -> . NOT
    (18) exp_Comp -> . exp_Sum_Menos EQUIVALENTE exp_Sum_Menos
    (19) exp_Comp -> . exp_Sum_Menos DISTINTO exp_Sum_Menos
    (20) exp_Comp -> . exp_rel
    (26) exp_Sum_Menos -> . exp_Sum_Menos MAS exp_Mul_Div
    (27) exp_Sum_Menos -> . exp_Sum_Menos MENOS exp_Mul_Div
    (28) exp_Sum_Menos -> . exp_Mul_Div
    (21) exp_rel -> . exp_Sum_Menos MAYOR exp_Sum_Menos
    (22) exp_rel -> . exp_Sum_Menos MENOR exp_Sum_Menos
    (23) exp_rel -> . exp_Sum_Menos MAYORIGUAL exp_Sum_Menos
    (24) exp_rel -> . exp_Sum_Menos MENORIGUAL exp_Sum_Menos
    (25) exp_rel -> . exp_Sum_Menos
    (29) exp_Mul_Div -> . exp_Mul_Div POR exp_Parentesis
    (30) exp_Mul_Div -> . exp_Mul_Div DIVIDIDO exp_Parentesis
    (31) exp_Mul_Div -> . exp_Mul_Div MODULO exp_Parentesis
    (32) exp_Mul_Div -> . exp_Parentesis
    (33) exp_Parentesis -> . PARIZQ exp_Or PARDER
    (34) exp_Parentesis -> . exp_Negativo
    (35) exp_Negativo -> . MENOS valor
    (36) exp_Negativo -> . valor
    (37) valor -> . ENTERO
    (38) valor -> . CADENA
    (39) valor -> . DECIMAL
    (40) valor -> . CARACTER
    (41) valor -> . TRUE
    (42) valor -> . FALSE

    NOT             shift and go to state 18
    PARIZQ          shift and go to state 10
    MENOS           shift and go to state 22
    ENTERO          shift and go to state 26
    CADENA          shift and go to state 27
    DECIMAL         shift and go to state 28
    CARACTER        shift and go to state 29
    TRUE            shift and go to state 30
    FALSE           shift and go to state 31

    exp_Or                         shift and go to state 32
    exp_And                        shift and go to state 14
    exp_Not                        shift and go to state 15
    lNot                           shift and go to state 16
    exp_Comp                       shift and go to state 17
    exp_Sum_Menos                  shift and go to state 19
    exp_rel                        shift and go to state 20
    exp_Mul_Div                    shift and go to state 21
    exp_Parentesis                 shift and go to state 23
    exp_Negativo                   shift and go to state 24
    valor                          shift and go to state 25

state 11

    (5) imprimir_instr -> CONSOLE PUNTO LOG PARIZQ lista_exp . PARDER PUNTOCOMA
    (6) lista_exp -> lista_exp . COMA op_Ternario

    PARDER          shift and go to state 33
    COMA            shift and go to state 34


state 12

    (7) lista_exp -> op_Ternario .

    PARDER          reduce using rule 7 (lista_exp -> op_Ternario .)
    COMA            reduce using rule 7 (lista_exp -> op_Ternario .)


state 13

    (8) op_Ternario -> exp_Or . INTERROGACION exp_Or DOSPUNTOS exp_Or
    (9) op_Ternario -> exp_Or .
    (10) exp_Or -> exp_Or . OR exp_And

    INTERROGACION   shift and go to state 35
    PARDER          reduce using rule 9 (op_Ternario -> exp_Or .)
    COMA            reduce using rule 9 (op_Ternario -> exp_Or .)
    OR              shift and go to state 36


state 14

    (11) exp_Or -> exp_And .
    (12) exp_And -> exp_And . AND exp_Not

    INTERROGACION   reduce using rule 11 (exp_Or -> exp_And .)
    OR              reduce using rule 11 (exp_Or -> exp_And .)
    PARDER          reduce using rule 11 (exp_Or -> exp_And .)
    COMA            reduce using rule 11 (exp_Or -> exp_And .)
    DOSPUNTOS       reduce using rule 11 (exp_Or -> exp_And .)
    AND             shift and go to state 37


state 15

    (13) exp_And -> exp_Not .

    AND             reduce using rule 13 (exp_And -> exp_Not .)
    INTERROGACION   reduce using rule 13 (exp_And -> exp_Not .)
    OR              reduce using rule 13 (exp_And -> exp_Not .)
    PARDER          reduce using rule 13 (exp_And -> exp_Not .)
    COMA            reduce using rule 13 (exp_And -> exp_Not .)
    DOSPUNTOS       reduce using rule 13 (exp_And -> exp_Not .)


state 16

    (14) exp_Not -> lNot . exp_Comp
    (16) lNot -> lNot . NOT
    (18) exp_Comp -> . exp_Sum_Menos EQUIVALENTE exp_Sum_Menos
    (19) exp_Comp -> . exp_Sum_Menos DISTINTO exp_Sum_Menos
    (20) exp_Comp -> . exp_rel
    (26) exp_Sum_Menos -> . exp_Sum_Menos MAS exp_Mul_Div
    (27) exp_Sum_Menos -> . exp_Sum_Menos MENOS exp_Mul_Div
    (28) exp_Sum_Menos -> . exp_Mul_Div
    (21) exp_rel -> . exp_Sum_Menos MAYOR exp_Sum_Menos
    (22) exp_rel -> . exp_Sum_Menos MENOR exp_Sum_Menos
    (23) exp_rel -> . exp_Sum_Menos MAYORIGUAL exp_Sum_Menos
    (24) exp_rel -> . exp_Sum_Menos MENORIGUAL exp_Sum_Menos
    (25) exp_rel -> . exp_Sum_Menos
    (29) exp_Mul_Div -> . exp_Mul_Div POR exp_Parentesis
    (30) exp_Mul_Div -> . exp_Mul_Div DIVIDIDO exp_Parentesis
    (31) exp_Mul_Div -> . exp_Mul_Div MODULO exp_Parentesis
    (32) exp_Mul_Div -> . exp_Parentesis
    (33) exp_Parentesis -> . PARIZQ exp_Or PARDER
    (34) exp_Parentesis -> . exp_Negativo
    (35) exp_Negativo -> . MENOS valor
    (36) exp_Negativo -> . valor
    (37) valor -> . ENTERO
    (38) valor -> . CADENA
    (39) valor -> . DECIMAL
    (40) valor -> . CARACTER
    (41) valor -> . TRUE
    (42) valor -> . FALSE

    NOT             shift and go to state 39
    PARIZQ          shift and go to state 10
    MENOS           shift and go to state 22
    ENTERO          shift and go to state 26
    CADENA          shift and go to state 27
    DECIMAL         shift and go to state 28
    CARACTER        shift and go to state 29
    TRUE            shift and go to state 30
    FALSE           shift and go to state 31

    exp_Comp                       shift and go to state 38
    exp_Sum_Menos                  shift and go to state 19
    exp_rel                        shift and go to state 20
    exp_Mul_Div                    shift and go to state 21
    exp_Parentesis                 shift and go to state 23
    exp_Negativo                   shift and go to state 24
    valor                          shift and go to state 25

state 17

    (15) exp_Not -> exp_Comp .

    AND             reduce using rule 15 (exp_Not -> exp_Comp .)
    INTERROGACION   reduce using rule 15 (exp_Not -> exp_Comp .)
    OR              reduce using rule 15 (exp_Not -> exp_Comp .)
    PARDER          reduce using rule 15 (exp_Not -> exp_Comp .)
    COMA            reduce using rule 15 (exp_Not -> exp_Comp .)
    DOSPUNTOS       reduce using rule 15 (exp_Not -> exp_Comp .)


state 18

    (17) lNot -> NOT .

    NOT             reduce using rule 17 (lNot -> NOT .)
    PARIZQ          reduce using rule 17 (lNot -> NOT .)
    MENOS           reduce using rule 17 (lNot -> NOT .)
    ENTERO          reduce using rule 17 (lNot -> NOT .)
    CADENA          reduce using rule 17 (lNot -> NOT .)
    DECIMAL         reduce using rule 17 (lNot -> NOT .)
    CARACTER        reduce using rule 17 (lNot -> NOT .)
    TRUE            reduce using rule 17 (lNot -> NOT .)
    FALSE           reduce using rule 17 (lNot -> NOT .)


state 19

    (18) exp_Comp -> exp_Sum_Menos . EQUIVALENTE exp_Sum_Menos
    (19) exp_Comp -> exp_Sum_Menos . DISTINTO exp_Sum_Menos
    (26) exp_Sum_Menos -> exp_Sum_Menos . MAS exp_Mul_Div
    (27) exp_Sum_Menos -> exp_Sum_Menos . MENOS exp_Mul_Div
    (21) exp_rel -> exp_Sum_Menos . MAYOR exp_Sum_Menos
    (22) exp_rel -> exp_Sum_Menos . MENOR exp_Sum_Menos
    (23) exp_rel -> exp_Sum_Menos . MAYORIGUAL exp_Sum_Menos
    (24) exp_rel -> exp_Sum_Menos . MENORIGUAL exp_Sum_Menos
    (25) exp_rel -> exp_Sum_Menos .

    EQUIVALENTE     shift and go to state 40
    DISTINTO        shift and go to state 41
    MAS             shift and go to state 42
    MENOS           shift and go to state 43
    MAYOR           shift and go to state 44
    MENOR           shift and go to state 45
    MAYORIGUAL      shift and go to state 46
    MENORIGUAL      shift and go to state 47
    AND             reduce using rule 25 (exp_rel -> exp_Sum_Menos .)
    INTERROGACION   reduce using rule 25 (exp_rel -> exp_Sum_Menos .)
    OR              reduce using rule 25 (exp_rel -> exp_Sum_Menos .)
    PARDER          reduce using rule 25 (exp_rel -> exp_Sum_Menos .)
    COMA            reduce using rule 25 (exp_rel -> exp_Sum_Menos .)
    DOSPUNTOS       reduce using rule 25 (exp_rel -> exp_Sum_Menos .)


state 20

    (20) exp_Comp -> exp_rel .

    AND             reduce using rule 20 (exp_Comp -> exp_rel .)
    INTERROGACION   reduce using rule 20 (exp_Comp -> exp_rel .)
    OR              reduce using rule 20 (exp_Comp -> exp_rel .)
    PARDER          reduce using rule 20 (exp_Comp -> exp_rel .)
    COMA            reduce using rule 20 (exp_Comp -> exp_rel .)
    DOSPUNTOS       reduce using rule 20 (exp_Comp -> exp_rel .)


state 21

    (28) exp_Sum_Menos -> exp_Mul_Div .
    (29) exp_Mul_Div -> exp_Mul_Div . POR exp_Parentesis
    (30) exp_Mul_Div -> exp_Mul_Div . DIVIDIDO exp_Parentesis
    (31) exp_Mul_Div -> exp_Mul_Div . MODULO exp_Parentesis

    EQUIVALENTE     reduce using rule 28 (exp_Sum_Menos -> exp_Mul_Div .)
    DISTINTO        reduce using rule 28 (exp_Sum_Menos -> exp_Mul_Div .)
    MAS             reduce using rule 28 (exp_Sum_Menos -> exp_Mul_Div .)
    MENOS           reduce using rule 28 (exp_Sum_Menos -> exp_Mul_Div .)
    MAYOR           reduce using rule 28 (exp_Sum_Menos -> exp_Mul_Div .)
    MENOR           reduce using rule 28 (exp_Sum_Menos -> exp_Mul_Div .)
    MAYORIGUAL      reduce using rule 28 (exp_Sum_Menos -> exp_Mul_Div .)
    MENORIGUAL      reduce using rule 28 (exp_Sum_Menos -> exp_Mul_Div .)
    AND             reduce using rule 28 (exp_Sum_Menos -> exp_Mul_Div .)
    INTERROGACION   reduce using rule 28 (exp_Sum_Menos -> exp_Mul_Div .)
    OR              reduce using rule 28 (exp_Sum_Menos -> exp_Mul_Div .)
    PARDER          reduce using rule 28 (exp_Sum_Menos -> exp_Mul_Div .)
    COMA            reduce using rule 28 (exp_Sum_Menos -> exp_Mul_Div .)
    DOSPUNTOS       reduce using rule 28 (exp_Sum_Menos -> exp_Mul_Div .)
    POR             shift and go to state 48
    DIVIDIDO        shift and go to state 49
    MODULO          shift and go to state 50


state 22

    (35) exp_Negativo -> MENOS . valor
    (37) valor -> . ENTERO
    (38) valor -> . CADENA
    (39) valor -> . DECIMAL
    (40) valor -> . CARACTER
    (41) valor -> . TRUE
    (42) valor -> . FALSE

    ENTERO          shift and go to state 26
    CADENA          shift and go to state 27
    DECIMAL         shift and go to state 28
    CARACTER        shift and go to state 29
    TRUE            shift and go to state 30
    FALSE           shift and go to state 31

    valor                          shift and go to state 51

state 23

    (32) exp_Mul_Div -> exp_Parentesis .

    POR             reduce using rule 32 (exp_Mul_Div -> exp_Parentesis .)
    DIVIDIDO        reduce using rule 32 (exp_Mul_Div -> exp_Parentesis .)
    MODULO          reduce using rule 32 (exp_Mul_Div -> exp_Parentesis .)
    EQUIVALENTE     reduce using rule 32 (exp_Mul_Div -> exp_Parentesis .)
    DISTINTO        reduce using rule 32 (exp_Mul_Div -> exp_Parentesis .)
    MAS             reduce using rule 32 (exp_Mul_Div -> exp_Parentesis .)
    MENOS           reduce using rule 32 (exp_Mul_Div -> exp_Parentesis .)
    MAYOR           reduce using rule 32 (exp_Mul_Div -> exp_Parentesis .)
    MENOR           reduce using rule 32 (exp_Mul_Div -> exp_Parentesis .)
    MAYORIGUAL      reduce using rule 32 (exp_Mul_Div -> exp_Parentesis .)
    MENORIGUAL      reduce using rule 32 (exp_Mul_Div -> exp_Parentesis .)
    AND             reduce using rule 32 (exp_Mul_Div -> exp_Parentesis .)
    INTERROGACION   reduce using rule 32 (exp_Mul_Div -> exp_Parentesis .)
    OR              reduce using rule 32 (exp_Mul_Div -> exp_Parentesis .)
    PARDER          reduce using rule 32 (exp_Mul_Div -> exp_Parentesis .)
    COMA            reduce using rule 32 (exp_Mul_Div -> exp_Parentesis .)
    DOSPUNTOS       reduce using rule 32 (exp_Mul_Div -> exp_Parentesis .)


state 24

    (34) exp_Parentesis -> exp_Negativo .

    POR             reduce using rule 34 (exp_Parentesis -> exp_Negativo .)
    DIVIDIDO        reduce using rule 34 (exp_Parentesis -> exp_Negativo .)
    MODULO          reduce using rule 34 (exp_Parentesis -> exp_Negativo .)
    EQUIVALENTE     reduce using rule 34 (exp_Parentesis -> exp_Negativo .)
    DISTINTO        reduce using rule 34 (exp_Parentesis -> exp_Negativo .)
    MAS             reduce using rule 34 (exp_Parentesis -> exp_Negativo .)
    MENOS           reduce using rule 34 (exp_Parentesis -> exp_Negativo .)
    MAYOR           reduce using rule 34 (exp_Parentesis -> exp_Negativo .)
    MENOR           reduce using rule 34 (exp_Parentesis -> exp_Negativo .)
    MAYORIGUAL      reduce using rule 34 (exp_Parentesis -> exp_Negativo .)
    MENORIGUAL      reduce using rule 34 (exp_Parentesis -> exp_Negativo .)
    AND             reduce using rule 34 (exp_Parentesis -> exp_Negativo .)
    INTERROGACION   reduce using rule 34 (exp_Parentesis -> exp_Negativo .)
    OR              reduce using rule 34 (exp_Parentesis -> exp_Negativo .)
    PARDER          reduce using rule 34 (exp_Parentesis -> exp_Negativo .)
    COMA            reduce using rule 34 (exp_Parentesis -> exp_Negativo .)
    DOSPUNTOS       reduce using rule 34 (exp_Parentesis -> exp_Negativo .)


state 25

    (36) exp_Negativo -> valor .

    POR             reduce using rule 36 (exp_Negativo -> valor .)
    DIVIDIDO        reduce using rule 36 (exp_Negativo -> valor .)
    MODULO          reduce using rule 36 (exp_Negativo -> valor .)
    EQUIVALENTE     reduce using rule 36 (exp_Negativo -> valor .)
    DISTINTO        reduce using rule 36 (exp_Negativo -> valor .)
    MAS             reduce using rule 36 (exp_Negativo -> valor .)
    MENOS           reduce using rule 36 (exp_Negativo -> valor .)
    MAYOR           reduce using rule 36 (exp_Negativo -> valor .)
    MENOR           reduce using rule 36 (exp_Negativo -> valor .)
    MAYORIGUAL      reduce using rule 36 (exp_Negativo -> valor .)
    MENORIGUAL      reduce using rule 36 (exp_Negativo -> valor .)
    AND             reduce using rule 36 (exp_Negativo -> valor .)
    INTERROGACION   reduce using rule 36 (exp_Negativo -> valor .)
    OR              reduce using rule 36 (exp_Negativo -> valor .)
    PARDER          reduce using rule 36 (exp_Negativo -> valor .)
    COMA            reduce using rule 36 (exp_Negativo -> valor .)
    DOSPUNTOS       reduce using rule 36 (exp_Negativo -> valor .)


state 26

    (37) valor -> ENTERO .

    POR             reduce using rule 37 (valor -> ENTERO .)
    DIVIDIDO        reduce using rule 37 (valor -> ENTERO .)
    MODULO          reduce using rule 37 (valor -> ENTERO .)
    EQUIVALENTE     reduce using rule 37 (valor -> ENTERO .)
    DISTINTO        reduce using rule 37 (valor -> ENTERO .)
    MAS             reduce using rule 37 (valor -> ENTERO .)
    MENOS           reduce using rule 37 (valor -> ENTERO .)
    MAYOR           reduce using rule 37 (valor -> ENTERO .)
    MENOR           reduce using rule 37 (valor -> ENTERO .)
    MAYORIGUAL      reduce using rule 37 (valor -> ENTERO .)
    MENORIGUAL      reduce using rule 37 (valor -> ENTERO .)
    AND             reduce using rule 37 (valor -> ENTERO .)
    INTERROGACION   reduce using rule 37 (valor -> ENTERO .)
    OR              reduce using rule 37 (valor -> ENTERO .)
    PARDER          reduce using rule 37 (valor -> ENTERO .)
    COMA            reduce using rule 37 (valor -> ENTERO .)
    DOSPUNTOS       reduce using rule 37 (valor -> ENTERO .)


state 27

    (38) valor -> CADENA .

    POR             reduce using rule 38 (valor -> CADENA .)
    DIVIDIDO        reduce using rule 38 (valor -> CADENA .)
    MODULO          reduce using rule 38 (valor -> CADENA .)
    EQUIVALENTE     reduce using rule 38 (valor -> CADENA .)
    DISTINTO        reduce using rule 38 (valor -> CADENA .)
    MAS             reduce using rule 38 (valor -> CADENA .)
    MENOS           reduce using rule 38 (valor -> CADENA .)
    MAYOR           reduce using rule 38 (valor -> CADENA .)
    MENOR           reduce using rule 38 (valor -> CADENA .)
    MAYORIGUAL      reduce using rule 38 (valor -> CADENA .)
    MENORIGUAL      reduce using rule 38 (valor -> CADENA .)
    AND             reduce using rule 38 (valor -> CADENA .)
    INTERROGACION   reduce using rule 38 (valor -> CADENA .)
    OR              reduce using rule 38 (valor -> CADENA .)
    PARDER          reduce using rule 38 (valor -> CADENA .)
    COMA            reduce using rule 38 (valor -> CADENA .)
    DOSPUNTOS       reduce using rule 38 (valor -> CADENA .)


state 28

    (39) valor -> DECIMAL .

    POR             reduce using rule 39 (valor -> DECIMAL .)
    DIVIDIDO        reduce using rule 39 (valor -> DECIMAL .)
    MODULO          reduce using rule 39 (valor -> DECIMAL .)
    EQUIVALENTE     reduce using rule 39 (valor -> DECIMAL .)
    DISTINTO        reduce using rule 39 (valor -> DECIMAL .)
    MAS             reduce using rule 39 (valor -> DECIMAL .)
    MENOS           reduce using rule 39 (valor -> DECIMAL .)
    MAYOR           reduce using rule 39 (valor -> DECIMAL .)
    MENOR           reduce using rule 39 (valor -> DECIMAL .)
    MAYORIGUAL      reduce using rule 39 (valor -> DECIMAL .)
    MENORIGUAL      reduce using rule 39 (valor -> DECIMAL .)
    AND             reduce using rule 39 (valor -> DECIMAL .)
    INTERROGACION   reduce using rule 39 (valor -> DECIMAL .)
    OR              reduce using rule 39 (valor -> DECIMAL .)
    PARDER          reduce using rule 39 (valor -> DECIMAL .)
    COMA            reduce using rule 39 (valor -> DECIMAL .)
    DOSPUNTOS       reduce using rule 39 (valor -> DECIMAL .)


state 29

    (40) valor -> CARACTER .

    POR             reduce using rule 40 (valor -> CARACTER .)
    DIVIDIDO        reduce using rule 40 (valor -> CARACTER .)
    MODULO          reduce using rule 40 (valor -> CARACTER .)
    EQUIVALENTE     reduce using rule 40 (valor -> CARACTER .)
    DISTINTO        reduce using rule 40 (valor -> CARACTER .)
    MAS             reduce using rule 40 (valor -> CARACTER .)
    MENOS           reduce using rule 40 (valor -> CARACTER .)
    MAYOR           reduce using rule 40 (valor -> CARACTER .)
    MENOR           reduce using rule 40 (valor -> CARACTER .)
    MAYORIGUAL      reduce using rule 40 (valor -> CARACTER .)
    MENORIGUAL      reduce using rule 40 (valor -> CARACTER .)
    AND             reduce using rule 40 (valor -> CARACTER .)
    INTERROGACION   reduce using rule 40 (valor -> CARACTER .)
    OR              reduce using rule 40 (valor -> CARACTER .)
    PARDER          reduce using rule 40 (valor -> CARACTER .)
    COMA            reduce using rule 40 (valor -> CARACTER .)
    DOSPUNTOS       reduce using rule 40 (valor -> CARACTER .)


state 30

    (41) valor -> TRUE .

    POR             reduce using rule 41 (valor -> TRUE .)
    DIVIDIDO        reduce using rule 41 (valor -> TRUE .)
    MODULO          reduce using rule 41 (valor -> TRUE .)
    EQUIVALENTE     reduce using rule 41 (valor -> TRUE .)
    DISTINTO        reduce using rule 41 (valor -> TRUE .)
    MAS             reduce using rule 41 (valor -> TRUE .)
    MENOS           reduce using rule 41 (valor -> TRUE .)
    MAYOR           reduce using rule 41 (valor -> TRUE .)
    MENOR           reduce using rule 41 (valor -> TRUE .)
    MAYORIGUAL      reduce using rule 41 (valor -> TRUE .)
    MENORIGUAL      reduce using rule 41 (valor -> TRUE .)
    AND             reduce using rule 41 (valor -> TRUE .)
    INTERROGACION   reduce using rule 41 (valor -> TRUE .)
    OR              reduce using rule 41 (valor -> TRUE .)
    PARDER          reduce using rule 41 (valor -> TRUE .)
    COMA            reduce using rule 41 (valor -> TRUE .)
    DOSPUNTOS       reduce using rule 41 (valor -> TRUE .)


state 31

    (42) valor -> FALSE .

    POR             reduce using rule 42 (valor -> FALSE .)
    DIVIDIDO        reduce using rule 42 (valor -> FALSE .)
    MODULO          reduce using rule 42 (valor -> FALSE .)
    EQUIVALENTE     reduce using rule 42 (valor -> FALSE .)
    DISTINTO        reduce using rule 42 (valor -> FALSE .)
    MAS             reduce using rule 42 (valor -> FALSE .)
    MENOS           reduce using rule 42 (valor -> FALSE .)
    MAYOR           reduce using rule 42 (valor -> FALSE .)
    MENOR           reduce using rule 42 (valor -> FALSE .)
    MAYORIGUAL      reduce using rule 42 (valor -> FALSE .)
    MENORIGUAL      reduce using rule 42 (valor -> FALSE .)
    AND             reduce using rule 42 (valor -> FALSE .)
    INTERROGACION   reduce using rule 42 (valor -> FALSE .)
    OR              reduce using rule 42 (valor -> FALSE .)
    PARDER          reduce using rule 42 (valor -> FALSE .)
    COMA            reduce using rule 42 (valor -> FALSE .)
    DOSPUNTOS       reduce using rule 42 (valor -> FALSE .)


state 32

    (33) exp_Parentesis -> PARIZQ exp_Or . PARDER
    (10) exp_Or -> exp_Or . OR exp_And

    PARDER          shift and go to state 52
    OR              shift and go to state 36


state 33

    (5) imprimir_instr -> CONSOLE PUNTO LOG PARIZQ lista_exp PARDER . PUNTOCOMA

    PUNTOCOMA       shift and go to state 53


state 34

    (6) lista_exp -> lista_exp COMA . op_Ternario
    (8) op_Ternario -> . exp_Or INTERROGACION exp_Or DOSPUNTOS exp_Or
    (9) op_Ternario -> . exp_Or
    (10) exp_Or -> . exp_Or OR exp_And
    (11) exp_Or -> . exp_And
    (12) exp_And -> . exp_And AND exp_Not
    (13) exp_And -> . exp_Not
    (14) exp_Not -> . lNot exp_Comp
    (15) exp_Not -> . exp_Comp
    (16) lNot -> . lNot NOT
    (17) lNot -> . NOT
    (18) exp_Comp -> . exp_Sum_Menos EQUIVALENTE exp_Sum_Menos
    (19) exp_Comp -> . exp_Sum_Menos DISTINTO exp_Sum_Menos
    (20) exp_Comp -> . exp_rel
    (26) exp_Sum_Menos -> . exp_Sum_Menos MAS exp_Mul_Div
    (27) exp_Sum_Menos -> . exp_Sum_Menos MENOS exp_Mul_Div
    (28) exp_Sum_Menos -> . exp_Mul_Div
    (21) exp_rel -> . exp_Sum_Menos MAYOR exp_Sum_Menos
    (22) exp_rel -> . exp_Sum_Menos MENOR exp_Sum_Menos
    (23) exp_rel -> . exp_Sum_Menos MAYORIGUAL exp_Sum_Menos
    (24) exp_rel -> . exp_Sum_Menos MENORIGUAL exp_Sum_Menos
    (25) exp_rel -> . exp_Sum_Menos
    (29) exp_Mul_Div -> . exp_Mul_Div POR exp_Parentesis
    (30) exp_Mul_Div -> . exp_Mul_Div DIVIDIDO exp_Parentesis
    (31) exp_Mul_Div -> . exp_Mul_Div MODULO exp_Parentesis
    (32) exp_Mul_Div -> . exp_Parentesis
    (33) exp_Parentesis -> . PARIZQ exp_Or PARDER
    (34) exp_Parentesis -> . exp_Negativo
    (35) exp_Negativo -> . MENOS valor
    (36) exp_Negativo -> . valor
    (37) valor -> . ENTERO
    (38) valor -> . CADENA
    (39) valor -> . DECIMAL
    (40) valor -> . CARACTER
    (41) valor -> . TRUE
    (42) valor -> . FALSE

    NOT             shift and go to state 18
    PARIZQ          shift and go to state 10
    MENOS           shift and go to state 22
    ENTERO          shift and go to state 26
    CADENA          shift and go to state 27
    DECIMAL         shift and go to state 28
    CARACTER        shift and go to state 29
    TRUE            shift and go to state 30
    FALSE           shift and go to state 31

    op_Ternario                    shift and go to state 54
    exp_Or                         shift and go to state 13
    exp_And                        shift and go to state 14
    exp_Not                        shift and go to state 15
    lNot                           shift and go to state 16
    exp_Comp                       shift and go to state 17
    exp_Sum_Menos                  shift and go to state 19
    exp_rel                        shift and go to state 20
    exp_Mul_Div                    shift and go to state 21
    exp_Parentesis                 shift and go to state 23
    exp_Negativo                   shift and go to state 24
    valor                          shift and go to state 25

state 35

    (8) op_Ternario -> exp_Or INTERROGACION . exp_Or DOSPUNTOS exp_Or
    (10) exp_Or -> . exp_Or OR exp_And
    (11) exp_Or -> . exp_And
    (12) exp_And -> . exp_And AND exp_Not
    (13) exp_And -> . exp_Not
    (14) exp_Not -> . lNot exp_Comp
    (15) exp_Not -> . exp_Comp
    (16) lNot -> . lNot NOT
    (17) lNot -> . NOT
    (18) exp_Comp -> . exp_Sum_Menos EQUIVALENTE exp_Sum_Menos
    (19) exp_Comp -> . exp_Sum_Menos DISTINTO exp_Sum_Menos
    (20) exp_Comp -> . exp_rel
    (26) exp_Sum_Menos -> . exp_Sum_Menos MAS exp_Mul_Div
    (27) exp_Sum_Menos -> . exp_Sum_Menos MENOS exp_Mul_Div
    (28) exp_Sum_Menos -> . exp_Mul_Div
    (21) exp_rel -> . exp_Sum_Menos MAYOR exp_Sum_Menos
    (22) exp_rel -> . exp_Sum_Menos MENOR exp_Sum_Menos
    (23) exp_rel -> . exp_Sum_Menos MAYORIGUAL exp_Sum_Menos
    (24) exp_rel -> . exp_Sum_Menos MENORIGUAL exp_Sum_Menos
    (25) exp_rel -> . exp_Sum_Menos
    (29) exp_Mul_Div -> . exp_Mul_Div POR exp_Parentesis
    (30) exp_Mul_Div -> . exp_Mul_Div DIVIDIDO exp_Parentesis
    (31) exp_Mul_Div -> . exp_Mul_Div MODULO exp_Parentesis
    (32) exp_Mul_Div -> . exp_Parentesis
    (33) exp_Parentesis -> . PARIZQ exp_Or PARDER
    (34) exp_Parentesis -> . exp_Negativo
    (35) exp_Negativo -> . MENOS valor
    (36) exp_Negativo -> . valor
    (37) valor -> . ENTERO
    (38) valor -> . CADENA
    (39) valor -> . DECIMAL
    (40) valor -> . CARACTER
    (41) valor -> . TRUE
    (42) valor -> . FALSE

    NOT             shift and go to state 18
    PARIZQ          shift and go to state 10
    MENOS           shift and go to state 22
    ENTERO          shift and go to state 26
    CADENA          shift and go to state 27
    DECIMAL         shift and go to state 28
    CARACTER        shift and go to state 29
    TRUE            shift and go to state 30
    FALSE           shift and go to state 31

    exp_Or                         shift and go to state 55
    exp_And                        shift and go to state 14
    exp_Not                        shift and go to state 15
    lNot                           shift and go to state 16
    exp_Comp                       shift and go to state 17
    exp_Sum_Menos                  shift and go to state 19
    exp_rel                        shift and go to state 20
    exp_Mul_Div                    shift and go to state 21
    exp_Parentesis                 shift and go to state 23
    exp_Negativo                   shift and go to state 24
    valor                          shift and go to state 25

state 36

    (10) exp_Or -> exp_Or OR . exp_And
    (12) exp_And -> . exp_And AND exp_Not
    (13) exp_And -> . exp_Not
    (14) exp_Not -> . lNot exp_Comp
    (15) exp_Not -> . exp_Comp
    (16) lNot -> . lNot NOT
    (17) lNot -> . NOT
    (18) exp_Comp -> . exp_Sum_Menos EQUIVALENTE exp_Sum_Menos
    (19) exp_Comp -> . exp_Sum_Menos DISTINTO exp_Sum_Menos
    (20) exp_Comp -> . exp_rel
    (26) exp_Sum_Menos -> . exp_Sum_Menos MAS exp_Mul_Div
    (27) exp_Sum_Menos -> . exp_Sum_Menos MENOS exp_Mul_Div
    (28) exp_Sum_Menos -> . exp_Mul_Div
    (21) exp_rel -> . exp_Sum_Menos MAYOR exp_Sum_Menos
    (22) exp_rel -> . exp_Sum_Menos MENOR exp_Sum_Menos
    (23) exp_rel -> . exp_Sum_Menos MAYORIGUAL exp_Sum_Menos
    (24) exp_rel -> . exp_Sum_Menos MENORIGUAL exp_Sum_Menos
    (25) exp_rel -> . exp_Sum_Menos
    (29) exp_Mul_Div -> . exp_Mul_Div POR exp_Parentesis
    (30) exp_Mul_Div -> . exp_Mul_Div DIVIDIDO exp_Parentesis
    (31) exp_Mul_Div -> . exp_Mul_Div MODULO exp_Parentesis
    (32) exp_Mul_Div -> . exp_Parentesis
    (33) exp_Parentesis -> . PARIZQ exp_Or PARDER
    (34) exp_Parentesis -> . exp_Negativo
    (35) exp_Negativo -> . MENOS valor
    (36) exp_Negativo -> . valor
    (37) valor -> . ENTERO
    (38) valor -> . CADENA
    (39) valor -> . DECIMAL
    (40) valor -> . CARACTER
    (41) valor -> . TRUE
    (42) valor -> . FALSE

    NOT             shift and go to state 18
    PARIZQ          shift and go to state 10
    MENOS           shift and go to state 22
    ENTERO          shift and go to state 26
    CADENA          shift and go to state 27
    DECIMAL         shift and go to state 28
    CARACTER        shift and go to state 29
    TRUE            shift and go to state 30
    FALSE           shift and go to state 31

    exp_And                        shift and go to state 56
    exp_Not                        shift and go to state 15
    lNot                           shift and go to state 16
    exp_Comp                       shift and go to state 17
    exp_Sum_Menos                  shift and go to state 19
    exp_rel                        shift and go to state 20
    exp_Mul_Div                    shift and go to state 21
    exp_Parentesis                 shift and go to state 23
    exp_Negativo                   shift and go to state 24
    valor                          shift and go to state 25

state 37

    (12) exp_And -> exp_And AND . exp_Not
    (14) exp_Not -> . lNot exp_Comp
    (15) exp_Not -> . exp_Comp
    (16) lNot -> . lNot NOT
    (17) lNot -> . NOT
    (18) exp_Comp -> . exp_Sum_Menos EQUIVALENTE exp_Sum_Menos
    (19) exp_Comp -> . exp_Sum_Menos DISTINTO exp_Sum_Menos
    (20) exp_Comp -> . exp_rel
    (26) exp_Sum_Menos -> . exp_Sum_Menos MAS exp_Mul_Div
    (27) exp_Sum_Menos -> . exp_Sum_Menos MENOS exp_Mul_Div
    (28) exp_Sum_Menos -> . exp_Mul_Div
    (21) exp_rel -> . exp_Sum_Menos MAYOR exp_Sum_Menos
    (22) exp_rel -> . exp_Sum_Menos MENOR exp_Sum_Menos
    (23) exp_rel -> . exp_Sum_Menos MAYORIGUAL exp_Sum_Menos
    (24) exp_rel -> . exp_Sum_Menos MENORIGUAL exp_Sum_Menos
    (25) exp_rel -> . exp_Sum_Menos
    (29) exp_Mul_Div -> . exp_Mul_Div POR exp_Parentesis
    (30) exp_Mul_Div -> . exp_Mul_Div DIVIDIDO exp_Parentesis
    (31) exp_Mul_Div -> . exp_Mul_Div MODULO exp_Parentesis
    (32) exp_Mul_Div -> . exp_Parentesis
    (33) exp_Parentesis -> . PARIZQ exp_Or PARDER
    (34) exp_Parentesis -> . exp_Negativo
    (35) exp_Negativo -> . MENOS valor
    (36) exp_Negativo -> . valor
    (37) valor -> . ENTERO
    (38) valor -> . CADENA
    (39) valor -> . DECIMAL
    (40) valor -> . CARACTER
    (41) valor -> . TRUE
    (42) valor -> . FALSE

    NOT             shift and go to state 18
    PARIZQ          shift and go to state 10
    MENOS           shift and go to state 22
    ENTERO          shift and go to state 26
    CADENA          shift and go to state 27
    DECIMAL         shift and go to state 28
    CARACTER        shift and go to state 29
    TRUE            shift and go to state 30
    FALSE           shift and go to state 31

    exp_Not                        shift and go to state 57
    lNot                           shift and go to state 16
    exp_Comp                       shift and go to state 17
    exp_Sum_Menos                  shift and go to state 19
    exp_rel                        shift and go to state 20
    exp_Mul_Div                    shift and go to state 21
    exp_Parentesis                 shift and go to state 23
    exp_Negativo                   shift and go to state 24
    valor                          shift and go to state 25

state 38

    (14) exp_Not -> lNot exp_Comp .

    AND             reduce using rule 14 (exp_Not -> lNot exp_Comp .)
    INTERROGACION   reduce using rule 14 (exp_Not -> lNot exp_Comp .)
    OR              reduce using rule 14 (exp_Not -> lNot exp_Comp .)
    PARDER          reduce using rule 14 (exp_Not -> lNot exp_Comp .)
    COMA            reduce using rule 14 (exp_Not -> lNot exp_Comp .)
    DOSPUNTOS       reduce using rule 14 (exp_Not -> lNot exp_Comp .)


state 39

    (16) lNot -> lNot NOT .

    NOT             reduce using rule 16 (lNot -> lNot NOT .)
    PARIZQ          reduce using rule 16 (lNot -> lNot NOT .)
    MENOS           reduce using rule 16 (lNot -> lNot NOT .)
    ENTERO          reduce using rule 16 (lNot -> lNot NOT .)
    CADENA          reduce using rule 16 (lNot -> lNot NOT .)
    DECIMAL         reduce using rule 16 (lNot -> lNot NOT .)
    CARACTER        reduce using rule 16 (lNot -> lNot NOT .)
    TRUE            reduce using rule 16 (lNot -> lNot NOT .)
    FALSE           reduce using rule 16 (lNot -> lNot NOT .)


state 40

    (18) exp_Comp -> exp_Sum_Menos EQUIVALENTE . exp_Sum_Menos
    (26) exp_Sum_Menos -> . exp_Sum_Menos MAS exp_Mul_Div
    (27) exp_Sum_Menos -> . exp_Sum_Menos MENOS exp_Mul_Div
    (28) exp_Sum_Menos -> . exp_Mul_Div
    (29) exp_Mul_Div -> . exp_Mul_Div POR exp_Parentesis
    (30) exp_Mul_Div -> . exp_Mul_Div DIVIDIDO exp_Parentesis
    (31) exp_Mul_Div -> . exp_Mul_Div MODULO exp_Parentesis
    (32) exp_Mul_Div -> . exp_Parentesis
    (33) exp_Parentesis -> . PARIZQ exp_Or PARDER
    (34) exp_Parentesis -> . exp_Negativo
    (35) exp_Negativo -> . MENOS valor
    (36) exp_Negativo -> . valor
    (37) valor -> . ENTERO
    (38) valor -> . CADENA
    (39) valor -> . DECIMAL
    (40) valor -> . CARACTER
    (41) valor -> . TRUE
    (42) valor -> . FALSE

    PARIZQ          shift and go to state 10
    MENOS           shift and go to state 22
    ENTERO          shift and go to state 26
    CADENA          shift and go to state 27
    DECIMAL         shift and go to state 28
    CARACTER        shift and go to state 29
    TRUE            shift and go to state 30
    FALSE           shift and go to state 31

    exp_Sum_Menos                  shift and go to state 58
    exp_Mul_Div                    shift and go to state 21
    exp_Parentesis                 shift and go to state 23
    exp_Negativo                   shift and go to state 24
    valor                          shift and go to state 25

state 41

    (19) exp_Comp -> exp_Sum_Menos DISTINTO . exp_Sum_Menos
    (26) exp_Sum_Menos -> . exp_Sum_Menos MAS exp_Mul_Div
    (27) exp_Sum_Menos -> . exp_Sum_Menos MENOS exp_Mul_Div
    (28) exp_Sum_Menos -> . exp_Mul_Div
    (29) exp_Mul_Div -> . exp_Mul_Div POR exp_Parentesis
    (30) exp_Mul_Div -> . exp_Mul_Div DIVIDIDO exp_Parentesis
    (31) exp_Mul_Div -> . exp_Mul_Div MODULO exp_Parentesis
    (32) exp_Mul_Div -> . exp_Parentesis
    (33) exp_Parentesis -> . PARIZQ exp_Or PARDER
    (34) exp_Parentesis -> . exp_Negativo
    (35) exp_Negativo -> . MENOS valor
    (36) exp_Negativo -> . valor
    (37) valor -> . ENTERO
    (38) valor -> . CADENA
    (39) valor -> . DECIMAL
    (40) valor -> . CARACTER
    (41) valor -> . TRUE
    (42) valor -> . FALSE

    PARIZQ          shift and go to state 10
    MENOS           shift and go to state 22
    ENTERO          shift and go to state 26
    CADENA          shift and go to state 27
    DECIMAL         shift and go to state 28
    CARACTER        shift and go to state 29
    TRUE            shift and go to state 30
    FALSE           shift and go to state 31

    exp_Sum_Menos                  shift and go to state 59
    exp_Mul_Div                    shift and go to state 21
    exp_Parentesis                 shift and go to state 23
    exp_Negativo                   shift and go to state 24
    valor                          shift and go to state 25

state 42

    (26) exp_Sum_Menos -> exp_Sum_Menos MAS . exp_Mul_Div
    (29) exp_Mul_Div -> . exp_Mul_Div POR exp_Parentesis
    (30) exp_Mul_Div -> . exp_Mul_Div DIVIDIDO exp_Parentesis
    (31) exp_Mul_Div -> . exp_Mul_Div MODULO exp_Parentesis
    (32) exp_Mul_Div -> . exp_Parentesis
    (33) exp_Parentesis -> . PARIZQ exp_Or PARDER
    (34) exp_Parentesis -> . exp_Negativo
    (35) exp_Negativo -> . MENOS valor
    (36) exp_Negativo -> . valor
    (37) valor -> . ENTERO
    (38) valor -> . CADENA
    (39) valor -> . DECIMAL
    (40) valor -> . CARACTER
    (41) valor -> . TRUE
    (42) valor -> . FALSE

    PARIZQ          shift and go to state 10
    MENOS           shift and go to state 22
    ENTERO          shift and go to state 26
    CADENA          shift and go to state 27
    DECIMAL         shift and go to state 28
    CARACTER        shift and go to state 29
    TRUE            shift and go to state 30
    FALSE           shift and go to state 31

    exp_Mul_Div                    shift and go to state 60
    exp_Parentesis                 shift and go to state 23
    exp_Negativo                   shift and go to state 24
    valor                          shift and go to state 25

state 43

    (27) exp_Sum_Menos -> exp_Sum_Menos MENOS . exp_Mul_Div
    (29) exp_Mul_Div -> . exp_Mul_Div POR exp_Parentesis
    (30) exp_Mul_Div -> . exp_Mul_Div DIVIDIDO exp_Parentesis
    (31) exp_Mul_Div -> . exp_Mul_Div MODULO exp_Parentesis
    (32) exp_Mul_Div -> . exp_Parentesis
    (33) exp_Parentesis -> . PARIZQ exp_Or PARDER
    (34) exp_Parentesis -> . exp_Negativo
    (35) exp_Negativo -> . MENOS valor
    (36) exp_Negativo -> . valor
    (37) valor -> . ENTERO
    (38) valor -> . CADENA
    (39) valor -> . DECIMAL
    (40) valor -> . CARACTER
    (41) valor -> . TRUE
    (42) valor -> . FALSE

    PARIZQ          shift and go to state 10
    MENOS           shift and go to state 22
    ENTERO          shift and go to state 26
    CADENA          shift and go to state 27
    DECIMAL         shift and go to state 28
    CARACTER        shift and go to state 29
    TRUE            shift and go to state 30
    FALSE           shift and go to state 31

    exp_Mul_Div                    shift and go to state 61
    exp_Parentesis                 shift and go to state 23
    exp_Negativo                   shift and go to state 24
    valor                          shift and go to state 25

state 44

    (21) exp_rel -> exp_Sum_Menos MAYOR . exp_Sum_Menos
    (26) exp_Sum_Menos -> . exp_Sum_Menos MAS exp_Mul_Div
    (27) exp_Sum_Menos -> . exp_Sum_Menos MENOS exp_Mul_Div
    (28) exp_Sum_Menos -> . exp_Mul_Div
    (29) exp_Mul_Div -> . exp_Mul_Div POR exp_Parentesis
    (30) exp_Mul_Div -> . exp_Mul_Div DIVIDIDO exp_Parentesis
    (31) exp_Mul_Div -> . exp_Mul_Div MODULO exp_Parentesis
    (32) exp_Mul_Div -> . exp_Parentesis
    (33) exp_Parentesis -> . PARIZQ exp_Or PARDER
    (34) exp_Parentesis -> . exp_Negativo
    (35) exp_Negativo -> . MENOS valor
    (36) exp_Negativo -> . valor
    (37) valor -> . ENTERO
    (38) valor -> . CADENA
    (39) valor -> . DECIMAL
    (40) valor -> . CARACTER
    (41) valor -> . TRUE
    (42) valor -> . FALSE

    PARIZQ          shift and go to state 10
    MENOS           shift and go to state 22
    ENTERO          shift and go to state 26
    CADENA          shift and go to state 27
    DECIMAL         shift and go to state 28
    CARACTER        shift and go to state 29
    TRUE            shift and go to state 30
    FALSE           shift and go to state 31

    exp_Sum_Menos                  shift and go to state 62
    exp_Mul_Div                    shift and go to state 21
    exp_Parentesis                 shift and go to state 23
    exp_Negativo                   shift and go to state 24
    valor                          shift and go to state 25

state 45

    (22) exp_rel -> exp_Sum_Menos MENOR . exp_Sum_Menos
    (26) exp_Sum_Menos -> . exp_Sum_Menos MAS exp_Mul_Div
    (27) exp_Sum_Menos -> . exp_Sum_Menos MENOS exp_Mul_Div
    (28) exp_Sum_Menos -> . exp_Mul_Div
    (29) exp_Mul_Div -> . exp_Mul_Div POR exp_Parentesis
    (30) exp_Mul_Div -> . exp_Mul_Div DIVIDIDO exp_Parentesis
    (31) exp_Mul_Div -> . exp_Mul_Div MODULO exp_Parentesis
    (32) exp_Mul_Div -> . exp_Parentesis
    (33) exp_Parentesis -> . PARIZQ exp_Or PARDER
    (34) exp_Parentesis -> . exp_Negativo
    (35) exp_Negativo -> . MENOS valor
    (36) exp_Negativo -> . valor
    (37) valor -> . ENTERO
    (38) valor -> . CADENA
    (39) valor -> . DECIMAL
    (40) valor -> . CARACTER
    (41) valor -> . TRUE
    (42) valor -> . FALSE

    PARIZQ          shift and go to state 10
    MENOS           shift and go to state 22
    ENTERO          shift and go to state 26
    CADENA          shift and go to state 27
    DECIMAL         shift and go to state 28
    CARACTER        shift and go to state 29
    TRUE            shift and go to state 30
    FALSE           shift and go to state 31

    exp_Sum_Menos                  shift and go to state 63
    exp_Mul_Div                    shift and go to state 21
    exp_Parentesis                 shift and go to state 23
    exp_Negativo                   shift and go to state 24
    valor                          shift and go to state 25

state 46

    (23) exp_rel -> exp_Sum_Menos MAYORIGUAL . exp_Sum_Menos
    (26) exp_Sum_Menos -> . exp_Sum_Menos MAS exp_Mul_Div
    (27) exp_Sum_Menos -> . exp_Sum_Menos MENOS exp_Mul_Div
    (28) exp_Sum_Menos -> . exp_Mul_Div
    (29) exp_Mul_Div -> . exp_Mul_Div POR exp_Parentesis
    (30) exp_Mul_Div -> . exp_Mul_Div DIVIDIDO exp_Parentesis
    (31) exp_Mul_Div -> . exp_Mul_Div MODULO exp_Parentesis
    (32) exp_Mul_Div -> . exp_Parentesis
    (33) exp_Parentesis -> . PARIZQ exp_Or PARDER
    (34) exp_Parentesis -> . exp_Negativo
    (35) exp_Negativo -> . MENOS valor
    (36) exp_Negativo -> . valor
    (37) valor -> . ENTERO
    (38) valor -> . CADENA
    (39) valor -> . DECIMAL
    (40) valor -> . CARACTER
    (41) valor -> . TRUE
    (42) valor -> . FALSE

    PARIZQ          shift and go to state 10
    MENOS           shift and go to state 22
    ENTERO          shift and go to state 26
    CADENA          shift and go to state 27
    DECIMAL         shift and go to state 28
    CARACTER        shift and go to state 29
    TRUE            shift and go to state 30
    FALSE           shift and go to state 31

    exp_Sum_Menos                  shift and go to state 64
    exp_Mul_Div                    shift and go to state 21
    exp_Parentesis                 shift and go to state 23
    exp_Negativo                   shift and go to state 24
    valor                          shift and go to state 25

state 47

    (24) exp_rel -> exp_Sum_Menos MENORIGUAL . exp_Sum_Menos
    (26) exp_Sum_Menos -> . exp_Sum_Menos MAS exp_Mul_Div
    (27) exp_Sum_Menos -> . exp_Sum_Menos MENOS exp_Mul_Div
    (28) exp_Sum_Menos -> . exp_Mul_Div
    (29) exp_Mul_Div -> . exp_Mul_Div POR exp_Parentesis
    (30) exp_Mul_Div -> . exp_Mul_Div DIVIDIDO exp_Parentesis
    (31) exp_Mul_Div -> . exp_Mul_Div MODULO exp_Parentesis
    (32) exp_Mul_Div -> . exp_Parentesis
    (33) exp_Parentesis -> . PARIZQ exp_Or PARDER
    (34) exp_Parentesis -> . exp_Negativo
    (35) exp_Negativo -> . MENOS valor
    (36) exp_Negativo -> . valor
    (37) valor -> . ENTERO
    (38) valor -> . CADENA
    (39) valor -> . DECIMAL
    (40) valor -> . CARACTER
    (41) valor -> . TRUE
    (42) valor -> . FALSE

    PARIZQ          shift and go to state 10
    MENOS           shift and go to state 22
    ENTERO          shift and go to state 26
    CADENA          shift and go to state 27
    DECIMAL         shift and go to state 28
    CARACTER        shift and go to state 29
    TRUE            shift and go to state 30
    FALSE           shift and go to state 31

    exp_Sum_Menos                  shift and go to state 65
    exp_Mul_Div                    shift and go to state 21
    exp_Parentesis                 shift and go to state 23
    exp_Negativo                   shift and go to state 24
    valor                          shift and go to state 25

state 48

    (29) exp_Mul_Div -> exp_Mul_Div POR . exp_Parentesis
    (33) exp_Parentesis -> . PARIZQ exp_Or PARDER
    (34) exp_Parentesis -> . exp_Negativo
    (35) exp_Negativo -> . MENOS valor
    (36) exp_Negativo -> . valor
    (37) valor -> . ENTERO
    (38) valor -> . CADENA
    (39) valor -> . DECIMAL
    (40) valor -> . CARACTER
    (41) valor -> . TRUE
    (42) valor -> . FALSE

    PARIZQ          shift and go to state 10
    MENOS           shift and go to state 22
    ENTERO          shift and go to state 26
    CADENA          shift and go to state 27
    DECIMAL         shift and go to state 28
    CARACTER        shift and go to state 29
    TRUE            shift and go to state 30
    FALSE           shift and go to state 31

    exp_Parentesis                 shift and go to state 66
    exp_Negativo                   shift and go to state 24
    valor                          shift and go to state 25

state 49

    (30) exp_Mul_Div -> exp_Mul_Div DIVIDIDO . exp_Parentesis
    (33) exp_Parentesis -> . PARIZQ exp_Or PARDER
    (34) exp_Parentesis -> . exp_Negativo
    (35) exp_Negativo -> . MENOS valor
    (36) exp_Negativo -> . valor
    (37) valor -> . ENTERO
    (38) valor -> . CADENA
    (39) valor -> . DECIMAL
    (40) valor -> . CARACTER
    (41) valor -> . TRUE
    (42) valor -> . FALSE

    PARIZQ          shift and go to state 10
    MENOS           shift and go to state 22
    ENTERO          shift and go to state 26
    CADENA          shift and go to state 27
    DECIMAL         shift and go to state 28
    CARACTER        shift and go to state 29
    TRUE            shift and go to state 30
    FALSE           shift and go to state 31

    exp_Parentesis                 shift and go to state 67
    exp_Negativo                   shift and go to state 24
    valor                          shift and go to state 25

state 50

    (31) exp_Mul_Div -> exp_Mul_Div MODULO . exp_Parentesis
    (33) exp_Parentesis -> . PARIZQ exp_Or PARDER
    (34) exp_Parentesis -> . exp_Negativo
    (35) exp_Negativo -> . MENOS valor
    (36) exp_Negativo -> . valor
    (37) valor -> . ENTERO
    (38) valor -> . CADENA
    (39) valor -> . DECIMAL
    (40) valor -> . CARACTER
    (41) valor -> . TRUE
    (42) valor -> . FALSE

    PARIZQ          shift and go to state 10
    MENOS           shift and go to state 22
    ENTERO          shift and go to state 26
    CADENA          shift and go to state 27
    DECIMAL         shift and go to state 28
    CARACTER        shift and go to state 29
    TRUE            shift and go to state 30
    FALSE           shift and go to state 31

    exp_Parentesis                 shift and go to state 68
    exp_Negativo                   shift and go to state 24
    valor                          shift and go to state 25

state 51

    (35) exp_Negativo -> MENOS valor .

    POR             reduce using rule 35 (exp_Negativo -> MENOS valor .)
    DIVIDIDO        reduce using rule 35 (exp_Negativo -> MENOS valor .)
    MODULO          reduce using rule 35 (exp_Negativo -> MENOS valor .)
    EQUIVALENTE     reduce using rule 35 (exp_Negativo -> MENOS valor .)
    DISTINTO        reduce using rule 35 (exp_Negativo -> MENOS valor .)
    MAS             reduce using rule 35 (exp_Negativo -> MENOS valor .)
    MENOS           reduce using rule 35 (exp_Negativo -> MENOS valor .)
    MAYOR           reduce using rule 35 (exp_Negativo -> MENOS valor .)
    MENOR           reduce using rule 35 (exp_Negativo -> MENOS valor .)
    MAYORIGUAL      reduce using rule 35 (exp_Negativo -> MENOS valor .)
    MENORIGUAL      reduce using rule 35 (exp_Negativo -> MENOS valor .)
    AND             reduce using rule 35 (exp_Negativo -> MENOS valor .)
    INTERROGACION   reduce using rule 35 (exp_Negativo -> MENOS valor .)
    OR              reduce using rule 35 (exp_Negativo -> MENOS valor .)
    PARDER          reduce using rule 35 (exp_Negativo -> MENOS valor .)
    COMA            reduce using rule 35 (exp_Negativo -> MENOS valor .)
    DOSPUNTOS       reduce using rule 35 (exp_Negativo -> MENOS valor .)


state 52

    (33) exp_Parentesis -> PARIZQ exp_Or PARDER .

    POR             reduce using rule 33 (exp_Parentesis -> PARIZQ exp_Or PARDER .)
    DIVIDIDO        reduce using rule 33 (exp_Parentesis -> PARIZQ exp_Or PARDER .)
    MODULO          reduce using rule 33 (exp_Parentesis -> PARIZQ exp_Or PARDER .)
    EQUIVALENTE     reduce using rule 33 (exp_Parentesis -> PARIZQ exp_Or PARDER .)
    DISTINTO        reduce using rule 33 (exp_Parentesis -> PARIZQ exp_Or PARDER .)
    MAS             reduce using rule 33 (exp_Parentesis -> PARIZQ exp_Or PARDER .)
    MENOS           reduce using rule 33 (exp_Parentesis -> PARIZQ exp_Or PARDER .)
    MAYOR           reduce using rule 33 (exp_Parentesis -> PARIZQ exp_Or PARDER .)
    MENOR           reduce using rule 33 (exp_Parentesis -> PARIZQ exp_Or PARDER .)
    MAYORIGUAL      reduce using rule 33 (exp_Parentesis -> PARIZQ exp_Or PARDER .)
    MENORIGUAL      reduce using rule 33 (exp_Parentesis -> PARIZQ exp_Or PARDER .)
    AND             reduce using rule 33 (exp_Parentesis -> PARIZQ exp_Or PARDER .)
    INTERROGACION   reduce using rule 33 (exp_Parentesis -> PARIZQ exp_Or PARDER .)
    OR              reduce using rule 33 (exp_Parentesis -> PARIZQ exp_Or PARDER .)
    PARDER          reduce using rule 33 (exp_Parentesis -> PARIZQ exp_Or PARDER .)
    COMA            reduce using rule 33 (exp_Parentesis -> PARIZQ exp_Or PARDER .)
    DOSPUNTOS       reduce using rule 33 (exp_Parentesis -> PARIZQ exp_Or PARDER .)


state 53

    (5) imprimir_instr -> CONSOLE PUNTO LOG PARIZQ lista_exp PARDER PUNTOCOMA .

    CONSOLE         reduce using rule 5 (imprimir_instr -> CONSOLE PUNTO LOG PARIZQ lista_exp PARDER PUNTOCOMA .)
    $end            reduce using rule 5 (imprimir_instr -> CONSOLE PUNTO LOG PARIZQ lista_exp PARDER PUNTOCOMA .)


state 54

    (6) lista_exp -> lista_exp COMA op_Ternario .

    PARDER          reduce using rule 6 (lista_exp -> lista_exp COMA op_Ternario .)
    COMA            reduce using rule 6 (lista_exp -> lista_exp COMA op_Ternario .)


state 55

    (8) op_Ternario -> exp_Or INTERROGACION exp_Or . DOSPUNTOS exp_Or
    (10) exp_Or -> exp_Or . OR exp_And

    DOSPUNTOS       shift and go to state 69
    OR              shift and go to state 36


state 56

    (10) exp_Or -> exp_Or OR exp_And .
    (12) exp_And -> exp_And . AND exp_Not

    INTERROGACION   reduce using rule 10 (exp_Or -> exp_Or OR exp_And .)
    OR              reduce using rule 10 (exp_Or -> exp_Or OR exp_And .)
    PARDER          reduce using rule 10 (exp_Or -> exp_Or OR exp_And .)
    COMA            reduce using rule 10 (exp_Or -> exp_Or OR exp_And .)
    DOSPUNTOS       reduce using rule 10 (exp_Or -> exp_Or OR exp_And .)
    AND             shift and go to state 37


state 57

    (12) exp_And -> exp_And AND exp_Not .

    AND             reduce using rule 12 (exp_And -> exp_And AND exp_Not .)
    INTERROGACION   reduce using rule 12 (exp_And -> exp_And AND exp_Not .)
    OR              reduce using rule 12 (exp_And -> exp_And AND exp_Not .)
    PARDER          reduce using rule 12 (exp_And -> exp_And AND exp_Not .)
    COMA            reduce using rule 12 (exp_And -> exp_And AND exp_Not .)
    DOSPUNTOS       reduce using rule 12 (exp_And -> exp_And AND exp_Not .)


state 58

    (18) exp_Comp -> exp_Sum_Menos EQUIVALENTE exp_Sum_Menos .
    (26) exp_Sum_Menos -> exp_Sum_Menos . MAS exp_Mul_Div
    (27) exp_Sum_Menos -> exp_Sum_Menos . MENOS exp_Mul_Div

    AND             reduce using rule 18 (exp_Comp -> exp_Sum_Menos EQUIVALENTE exp_Sum_Menos .)
    INTERROGACION   reduce using rule 18 (exp_Comp -> exp_Sum_Menos EQUIVALENTE exp_Sum_Menos .)
    OR              reduce using rule 18 (exp_Comp -> exp_Sum_Menos EQUIVALENTE exp_Sum_Menos .)
    PARDER          reduce using rule 18 (exp_Comp -> exp_Sum_Menos EQUIVALENTE exp_Sum_Menos .)
    COMA            reduce using rule 18 (exp_Comp -> exp_Sum_Menos EQUIVALENTE exp_Sum_Menos .)
    DOSPUNTOS       reduce using rule 18 (exp_Comp -> exp_Sum_Menos EQUIVALENTE exp_Sum_Menos .)
    MAS             shift and go to state 42
    MENOS           shift and go to state 43


state 59

    (19) exp_Comp -> exp_Sum_Menos DISTINTO exp_Sum_Menos .
    (26) exp_Sum_Menos -> exp_Sum_Menos . MAS exp_Mul_Div
    (27) exp_Sum_Menos -> exp_Sum_Menos . MENOS exp_Mul_Div

    AND             reduce using rule 19 (exp_Comp -> exp_Sum_Menos DISTINTO exp_Sum_Menos .)
    INTERROGACION   reduce using rule 19 (exp_Comp -> exp_Sum_Menos DISTINTO exp_Sum_Menos .)
    OR              reduce using rule 19 (exp_Comp -> exp_Sum_Menos DISTINTO exp_Sum_Menos .)
    PARDER          reduce using rule 19 (exp_Comp -> exp_Sum_Menos DISTINTO exp_Sum_Menos .)
    COMA            reduce using rule 19 (exp_Comp -> exp_Sum_Menos DISTINTO exp_Sum_Menos .)
    DOSPUNTOS       reduce using rule 19 (exp_Comp -> exp_Sum_Menos DISTINTO exp_Sum_Menos .)
    MAS             shift and go to state 42
    MENOS           shift and go to state 43


state 60

    (26) exp_Sum_Menos -> exp_Sum_Menos MAS exp_Mul_Div .
    (29) exp_Mul_Div -> exp_Mul_Div . POR exp_Parentesis
    (30) exp_Mul_Div -> exp_Mul_Div . DIVIDIDO exp_Parentesis
    (31) exp_Mul_Div -> exp_Mul_Div . MODULO exp_Parentesis

    EQUIVALENTE     reduce using rule 26 (exp_Sum_Menos -> exp_Sum_Menos MAS exp_Mul_Div .)
    DISTINTO        reduce using rule 26 (exp_Sum_Menos -> exp_Sum_Menos MAS exp_Mul_Div .)
    MAS             reduce using rule 26 (exp_Sum_Menos -> exp_Sum_Menos MAS exp_Mul_Div .)
    MENOS           reduce using rule 26 (exp_Sum_Menos -> exp_Sum_Menos MAS exp_Mul_Div .)
    MAYOR           reduce using rule 26 (exp_Sum_Menos -> exp_Sum_Menos MAS exp_Mul_Div .)
    MENOR           reduce using rule 26 (exp_Sum_Menos -> exp_Sum_Menos MAS exp_Mul_Div .)
    MAYORIGUAL      reduce using rule 26 (exp_Sum_Menos -> exp_Sum_Menos MAS exp_Mul_Div .)
    MENORIGUAL      reduce using rule 26 (exp_Sum_Menos -> exp_Sum_Menos MAS exp_Mul_Div .)
    AND             reduce using rule 26 (exp_Sum_Menos -> exp_Sum_Menos MAS exp_Mul_Div .)
    INTERROGACION   reduce using rule 26 (exp_Sum_Menos -> exp_Sum_Menos MAS exp_Mul_Div .)
    OR              reduce using rule 26 (exp_Sum_Menos -> exp_Sum_Menos MAS exp_Mul_Div .)
    PARDER          reduce using rule 26 (exp_Sum_Menos -> exp_Sum_Menos MAS exp_Mul_Div .)
    COMA            reduce using rule 26 (exp_Sum_Menos -> exp_Sum_Menos MAS exp_Mul_Div .)
    DOSPUNTOS       reduce using rule 26 (exp_Sum_Menos -> exp_Sum_Menos MAS exp_Mul_Div .)
    POR             shift and go to state 48
    DIVIDIDO        shift and go to state 49
    MODULO          shift and go to state 50


state 61

    (27) exp_Sum_Menos -> exp_Sum_Menos MENOS exp_Mul_Div .
    (29) exp_Mul_Div -> exp_Mul_Div . POR exp_Parentesis
    (30) exp_Mul_Div -> exp_Mul_Div . DIVIDIDO exp_Parentesis
    (31) exp_Mul_Div -> exp_Mul_Div . MODULO exp_Parentesis

    EQUIVALENTE     reduce using rule 27 (exp_Sum_Menos -> exp_Sum_Menos MENOS exp_Mul_Div .)
    DISTINTO        reduce using rule 27 (exp_Sum_Menos -> exp_Sum_Menos MENOS exp_Mul_Div .)
    MAS             reduce using rule 27 (exp_Sum_Menos -> exp_Sum_Menos MENOS exp_Mul_Div .)
    MENOS           reduce using rule 27 (exp_Sum_Menos -> exp_Sum_Menos MENOS exp_Mul_Div .)
    MAYOR           reduce using rule 27 (exp_Sum_Menos -> exp_Sum_Menos MENOS exp_Mul_Div .)
    MENOR           reduce using rule 27 (exp_Sum_Menos -> exp_Sum_Menos MENOS exp_Mul_Div .)
    MAYORIGUAL      reduce using rule 27 (exp_Sum_Menos -> exp_Sum_Menos MENOS exp_Mul_Div .)
    MENORIGUAL      reduce using rule 27 (exp_Sum_Menos -> exp_Sum_Menos MENOS exp_Mul_Div .)
    AND             reduce using rule 27 (exp_Sum_Menos -> exp_Sum_Menos MENOS exp_Mul_Div .)
    INTERROGACION   reduce using rule 27 (exp_Sum_Menos -> exp_Sum_Menos MENOS exp_Mul_Div .)
    OR              reduce using rule 27 (exp_Sum_Menos -> exp_Sum_Menos MENOS exp_Mul_Div .)
    PARDER          reduce using rule 27 (exp_Sum_Menos -> exp_Sum_Menos MENOS exp_Mul_Div .)
    COMA            reduce using rule 27 (exp_Sum_Menos -> exp_Sum_Menos MENOS exp_Mul_Div .)
    DOSPUNTOS       reduce using rule 27 (exp_Sum_Menos -> exp_Sum_Menos MENOS exp_Mul_Div .)
    POR             shift and go to state 48
    DIVIDIDO        shift and go to state 49
    MODULO          shift and go to state 50


state 62

    (21) exp_rel -> exp_Sum_Menos MAYOR exp_Sum_Menos .
    (26) exp_Sum_Menos -> exp_Sum_Menos . MAS exp_Mul_Div
    (27) exp_Sum_Menos -> exp_Sum_Menos . MENOS exp_Mul_Div

    AND             reduce using rule 21 (exp_rel -> exp_Sum_Menos MAYOR exp_Sum_Menos .)
    INTERROGACION   reduce using rule 21 (exp_rel -> exp_Sum_Menos MAYOR exp_Sum_Menos .)
    OR              reduce using rule 21 (exp_rel -> exp_Sum_Menos MAYOR exp_Sum_Menos .)
    PARDER          reduce using rule 21 (exp_rel -> exp_Sum_Menos MAYOR exp_Sum_Menos .)
    COMA            reduce using rule 21 (exp_rel -> exp_Sum_Menos MAYOR exp_Sum_Menos .)
    DOSPUNTOS       reduce using rule 21 (exp_rel -> exp_Sum_Menos MAYOR exp_Sum_Menos .)
    MAS             shift and go to state 42
    MENOS           shift and go to state 43


state 63

    (22) exp_rel -> exp_Sum_Menos MENOR exp_Sum_Menos .
    (26) exp_Sum_Menos -> exp_Sum_Menos . MAS exp_Mul_Div
    (27) exp_Sum_Menos -> exp_Sum_Menos . MENOS exp_Mul_Div

    AND             reduce using rule 22 (exp_rel -> exp_Sum_Menos MENOR exp_Sum_Menos .)
    INTERROGACION   reduce using rule 22 (exp_rel -> exp_Sum_Menos MENOR exp_Sum_Menos .)
    OR              reduce using rule 22 (exp_rel -> exp_Sum_Menos MENOR exp_Sum_Menos .)
    PARDER          reduce using rule 22 (exp_rel -> exp_Sum_Menos MENOR exp_Sum_Menos .)
    COMA            reduce using rule 22 (exp_rel -> exp_Sum_Menos MENOR exp_Sum_Menos .)
    DOSPUNTOS       reduce using rule 22 (exp_rel -> exp_Sum_Menos MENOR exp_Sum_Menos .)
    MAS             shift and go to state 42
    MENOS           shift and go to state 43


state 64

    (23) exp_rel -> exp_Sum_Menos MAYORIGUAL exp_Sum_Menos .
    (26) exp_Sum_Menos -> exp_Sum_Menos . MAS exp_Mul_Div
    (27) exp_Sum_Menos -> exp_Sum_Menos . MENOS exp_Mul_Div

    AND             reduce using rule 23 (exp_rel -> exp_Sum_Menos MAYORIGUAL exp_Sum_Menos .)
    INTERROGACION   reduce using rule 23 (exp_rel -> exp_Sum_Menos MAYORIGUAL exp_Sum_Menos .)
    OR              reduce using rule 23 (exp_rel -> exp_Sum_Menos MAYORIGUAL exp_Sum_Menos .)
    PARDER          reduce using rule 23 (exp_rel -> exp_Sum_Menos MAYORIGUAL exp_Sum_Menos .)
    COMA            reduce using rule 23 (exp_rel -> exp_Sum_Menos MAYORIGUAL exp_Sum_Menos .)
    DOSPUNTOS       reduce using rule 23 (exp_rel -> exp_Sum_Menos MAYORIGUAL exp_Sum_Menos .)
    MAS             shift and go to state 42
    MENOS           shift and go to state 43


state 65

    (24) exp_rel -> exp_Sum_Menos MENORIGUAL exp_Sum_Menos .
    (26) exp_Sum_Menos -> exp_Sum_Menos . MAS exp_Mul_Div
    (27) exp_Sum_Menos -> exp_Sum_Menos . MENOS exp_Mul_Div

    AND             reduce using rule 24 (exp_rel -> exp_Sum_Menos MENORIGUAL exp_Sum_Menos .)
    INTERROGACION   reduce using rule 24 (exp_rel -> exp_Sum_Menos MENORIGUAL exp_Sum_Menos .)
    OR              reduce using rule 24 (exp_rel -> exp_Sum_Menos MENORIGUAL exp_Sum_Menos .)
    PARDER          reduce using rule 24 (exp_rel -> exp_Sum_Menos MENORIGUAL exp_Sum_Menos .)
    COMA            reduce using rule 24 (exp_rel -> exp_Sum_Menos MENORIGUAL exp_Sum_Menos .)
    DOSPUNTOS       reduce using rule 24 (exp_rel -> exp_Sum_Menos MENORIGUAL exp_Sum_Menos .)
    MAS             shift and go to state 42
    MENOS           shift and go to state 43


state 66

    (29) exp_Mul_Div -> exp_Mul_Div POR exp_Parentesis .

    POR             reduce using rule 29 (exp_Mul_Div -> exp_Mul_Div POR exp_Parentesis .)
    DIVIDIDO        reduce using rule 29 (exp_Mul_Div -> exp_Mul_Div POR exp_Parentesis .)
    MODULO          reduce using rule 29 (exp_Mul_Div -> exp_Mul_Div POR exp_Parentesis .)
    EQUIVALENTE     reduce using rule 29 (exp_Mul_Div -> exp_Mul_Div POR exp_Parentesis .)
    DISTINTO        reduce using rule 29 (exp_Mul_Div -> exp_Mul_Div POR exp_Parentesis .)
    MAS             reduce using rule 29 (exp_Mul_Div -> exp_Mul_Div POR exp_Parentesis .)
    MENOS           reduce using rule 29 (exp_Mul_Div -> exp_Mul_Div POR exp_Parentesis .)
    MAYOR           reduce using rule 29 (exp_Mul_Div -> exp_Mul_Div POR exp_Parentesis .)
    MENOR           reduce using rule 29 (exp_Mul_Div -> exp_Mul_Div POR exp_Parentesis .)
    MAYORIGUAL      reduce using rule 29 (exp_Mul_Div -> exp_Mul_Div POR exp_Parentesis .)
    MENORIGUAL      reduce using rule 29 (exp_Mul_Div -> exp_Mul_Div POR exp_Parentesis .)
    AND             reduce using rule 29 (exp_Mul_Div -> exp_Mul_Div POR exp_Parentesis .)
    INTERROGACION   reduce using rule 29 (exp_Mul_Div -> exp_Mul_Div POR exp_Parentesis .)
    OR              reduce using rule 29 (exp_Mul_Div -> exp_Mul_Div POR exp_Parentesis .)
    PARDER          reduce using rule 29 (exp_Mul_Div -> exp_Mul_Div POR exp_Parentesis .)
    COMA            reduce using rule 29 (exp_Mul_Div -> exp_Mul_Div POR exp_Parentesis .)
    DOSPUNTOS       reduce using rule 29 (exp_Mul_Div -> exp_Mul_Div POR exp_Parentesis .)


state 67

    (30) exp_Mul_Div -> exp_Mul_Div DIVIDIDO exp_Parentesis .

    POR             reduce using rule 30 (exp_Mul_Div -> exp_Mul_Div DIVIDIDO exp_Parentesis .)
    DIVIDIDO        reduce using rule 30 (exp_Mul_Div -> exp_Mul_Div DIVIDIDO exp_Parentesis .)
    MODULO          reduce using rule 30 (exp_Mul_Div -> exp_Mul_Div DIVIDIDO exp_Parentesis .)
    EQUIVALENTE     reduce using rule 30 (exp_Mul_Div -> exp_Mul_Div DIVIDIDO exp_Parentesis .)
    DISTINTO        reduce using rule 30 (exp_Mul_Div -> exp_Mul_Div DIVIDIDO exp_Parentesis .)
    MAS             reduce using rule 30 (exp_Mul_Div -> exp_Mul_Div DIVIDIDO exp_Parentesis .)
    MENOS           reduce using rule 30 (exp_Mul_Div -> exp_Mul_Div DIVIDIDO exp_Parentesis .)
    MAYOR           reduce using rule 30 (exp_Mul_Div -> exp_Mul_Div DIVIDIDO exp_Parentesis .)
    MENOR           reduce using rule 30 (exp_Mul_Div -> exp_Mul_Div DIVIDIDO exp_Parentesis .)
    MAYORIGUAL      reduce using rule 30 (exp_Mul_Div -> exp_Mul_Div DIVIDIDO exp_Parentesis .)
    MENORIGUAL      reduce using rule 30 (exp_Mul_Div -> exp_Mul_Div DIVIDIDO exp_Parentesis .)
    AND             reduce using rule 30 (exp_Mul_Div -> exp_Mul_Div DIVIDIDO exp_Parentesis .)
    INTERROGACION   reduce using rule 30 (exp_Mul_Div -> exp_Mul_Div DIVIDIDO exp_Parentesis .)
    OR              reduce using rule 30 (exp_Mul_Div -> exp_Mul_Div DIVIDIDO exp_Parentesis .)
    PARDER          reduce using rule 30 (exp_Mul_Div -> exp_Mul_Div DIVIDIDO exp_Parentesis .)
    COMA            reduce using rule 30 (exp_Mul_Div -> exp_Mul_Div DIVIDIDO exp_Parentesis .)
    DOSPUNTOS       reduce using rule 30 (exp_Mul_Div -> exp_Mul_Div DIVIDIDO exp_Parentesis .)


state 68

    (31) exp_Mul_Div -> exp_Mul_Div MODULO exp_Parentesis .

    POR             reduce using rule 31 (exp_Mul_Div -> exp_Mul_Div MODULO exp_Parentesis .)
    DIVIDIDO        reduce using rule 31 (exp_Mul_Div -> exp_Mul_Div MODULO exp_Parentesis .)
    MODULO          reduce using rule 31 (exp_Mul_Div -> exp_Mul_Div MODULO exp_Parentesis .)
    EQUIVALENTE     reduce using rule 31 (exp_Mul_Div -> exp_Mul_Div MODULO exp_Parentesis .)
    DISTINTO        reduce using rule 31 (exp_Mul_Div -> exp_Mul_Div MODULO exp_Parentesis .)
    MAS             reduce using rule 31 (exp_Mul_Div -> exp_Mul_Div MODULO exp_Parentesis .)
    MENOS           reduce using rule 31 (exp_Mul_Div -> exp_Mul_Div MODULO exp_Parentesis .)
    MAYOR           reduce using rule 31 (exp_Mul_Div -> exp_Mul_Div MODULO exp_Parentesis .)
    MENOR           reduce using rule 31 (exp_Mul_Div -> exp_Mul_Div MODULO exp_Parentesis .)
    MAYORIGUAL      reduce using rule 31 (exp_Mul_Div -> exp_Mul_Div MODULO exp_Parentesis .)
    MENORIGUAL      reduce using rule 31 (exp_Mul_Div -> exp_Mul_Div MODULO exp_Parentesis .)
    AND             reduce using rule 31 (exp_Mul_Div -> exp_Mul_Div MODULO exp_Parentesis .)
    INTERROGACION   reduce using rule 31 (exp_Mul_Div -> exp_Mul_Div MODULO exp_Parentesis .)
    OR              reduce using rule 31 (exp_Mul_Div -> exp_Mul_Div MODULO exp_Parentesis .)
    PARDER          reduce using rule 31 (exp_Mul_Div -> exp_Mul_Div MODULO exp_Parentesis .)
    COMA            reduce using rule 31 (exp_Mul_Div -> exp_Mul_Div MODULO exp_Parentesis .)
    DOSPUNTOS       reduce using rule 31 (exp_Mul_Div -> exp_Mul_Div MODULO exp_Parentesis .)


state 69

    (8) op_Ternario -> exp_Or INTERROGACION exp_Or DOSPUNTOS . exp_Or
    (10) exp_Or -> . exp_Or OR exp_And
    (11) exp_Or -> . exp_And
    (12) exp_And -> . exp_And AND exp_Not
    (13) exp_And -> . exp_Not
    (14) exp_Not -> . lNot exp_Comp
    (15) exp_Not -> . exp_Comp
    (16) lNot -> . lNot NOT
    (17) lNot -> . NOT
    (18) exp_Comp -> . exp_Sum_Menos EQUIVALENTE exp_Sum_Menos
    (19) exp_Comp -> . exp_Sum_Menos DISTINTO exp_Sum_Menos
    (20) exp_Comp -> . exp_rel
    (26) exp_Sum_Menos -> . exp_Sum_Menos MAS exp_Mul_Div
    (27) exp_Sum_Menos -> . exp_Sum_Menos MENOS exp_Mul_Div
    (28) exp_Sum_Menos -> . exp_Mul_Div
    (21) exp_rel -> . exp_Sum_Menos MAYOR exp_Sum_Menos
    (22) exp_rel -> . exp_Sum_Menos MENOR exp_Sum_Menos
    (23) exp_rel -> . exp_Sum_Menos MAYORIGUAL exp_Sum_Menos
    (24) exp_rel -> . exp_Sum_Menos MENORIGUAL exp_Sum_Menos
    (25) exp_rel -> . exp_Sum_Menos
    (29) exp_Mul_Div -> . exp_Mul_Div POR exp_Parentesis
    (30) exp_Mul_Div -> . exp_Mul_Div DIVIDIDO exp_Parentesis
    (31) exp_Mul_Div -> . exp_Mul_Div MODULO exp_Parentesis
    (32) exp_Mul_Div -> . exp_Parentesis
    (33) exp_Parentesis -> . PARIZQ exp_Or PARDER
    (34) exp_Parentesis -> . exp_Negativo
    (35) exp_Negativo -> . MENOS valor
    (36) exp_Negativo -> . valor
    (37) valor -> . ENTERO
    (38) valor -> . CADENA
    (39) valor -> . DECIMAL
    (40) valor -> . CARACTER
    (41) valor -> . TRUE
    (42) valor -> . FALSE

    NOT             shift and go to state 18
    PARIZQ          shift and go to state 10
    MENOS           shift and go to state 22
    ENTERO          shift and go to state 26
    CADENA          shift and go to state 27
    DECIMAL         shift and go to state 28
    CARACTER        shift and go to state 29
    TRUE            shift and go to state 30
    FALSE           shift and go to state 31

    exp_Or                         shift and go to state 70
    exp_And                        shift and go to state 14
    exp_Not                        shift and go to state 15
    lNot                           shift and go to state 16
    exp_Comp                       shift and go to state 17
    exp_Sum_Menos                  shift and go to state 19
    exp_rel                        shift and go to state 20
    exp_Mul_Div                    shift and go to state 21
    exp_Parentesis                 shift and go to state 23
    exp_Negativo                   shift and go to state 24
    valor                          shift and go to state 25

state 70

    (8) op_Ternario -> exp_Or INTERROGACION exp_Or DOSPUNTOS exp_Or .
    (10) exp_Or -> exp_Or . OR exp_And

    PARDER          reduce using rule 8 (op_Ternario -> exp_Or INTERROGACION exp_Or DOSPUNTOS exp_Or .)
    COMA            reduce using rule 8 (op_Ternario -> exp_Or INTERROGACION exp_Or DOSPUNTOS exp_Or .)
    OR              shift and go to state 36

